[0.009s] Invoking command in '/home/zkx/RM/chapt2/build/demo_cpp_pkg': CMAKE_PREFIX_PATH=${CMAKE_PREFIX_PATH}:/home/zkx/RM/chapt2/install/demo_python_pkg:/opt/ros/humble /usr/bin/cmake --build /home/zkx/RM/chapt2/build/demo_cpp_pkg -- -j16 -l16
[0.039s] [35m[1mConsolidate compiler generated dependencies of target cpp_node[0m
[0.053s] [100%] Built target cpp_node
[0.136s] Invoked command in '/home/zkx/RM/chapt2/build/demo_cpp_pkg' returned '0': CMAKE_PREFIX_PATH=${CMAKE_PREFIX_PATH}:/home/zkx/RM/chapt2/install/demo_python_pkg:/opt/ros/humble /usr/bin/cmake --build /home/zkx/RM/chapt2/build/demo_cpp_pkg -- -j16 -l16
[0.145s] Invoking command in '/home/zkx/RM/chapt2/build/demo_cpp_pkg': CMAKE_PREFIX_PATH=${CMAKE_PREFIX_PATH}:/home/zkx/RM/chapt2/install/demo_python_pkg:/opt/ros/humble /usr/bin/cmake --install /home/zkx/RM/chapt2/build/demo_cpp_pkg
[0.150s] -- Install configuration: ""
[0.150s] -- Up-to-date: /home/zkx/RM/chapt2/install/demo_cpp_pkg/share/ament_index/resource_index/package_run_dependencies/demo_cpp_pkg
[0.150s] -- Up-to-date: /home/zkx/RM/chapt2/install/demo_cpp_pkg/share/ament_index/resource_index/parent_prefix_path/demo_cpp_pkg
[0.150s] -- Up-to-date: /home/zkx/RM/chapt2/install/demo_cpp_pkg/share/demo_cpp_pkg/environment/ament_prefix_path.sh
[0.150s] -- Up-to-date: /home/zkx/RM/chapt2/install/demo_cpp_pkg/share/demo_cpp_pkg/environment/ament_prefix_path.dsv
[0.150s] -- Up-to-date: /home/zkx/RM/chapt2/install/demo_cpp_pkg/share/demo_cpp_pkg/environment/path.sh
[0.150s] -- Up-to-date: /home/zkx/RM/chapt2/install/demo_cpp_pkg/share/demo_cpp_pkg/environment/path.dsv
[0.150s] -- Up-to-date: /home/zkx/RM/chapt2/install/demo_cpp_pkg/share/demo_cpp_pkg/local_setup.bash
[0.150s] -- Up-to-date: /home/zkx/RM/chapt2/install/demo_cpp_pkg/share/demo_cpp_pkg/local_setup.sh
[0.150s] -- Up-to-date: /home/zkx/RM/chapt2/install/demo_cpp_pkg/share/demo_cpp_pkg/local_setup.zsh
[0.151s] -- Up-to-date: /home/zkx/RM/chapt2/install/demo_cpp_pkg/share/demo_cpp_pkg/local_setup.dsv
[0.151s] -- Installing: /home/zkx/RM/chapt2/install/demo_cpp_pkg/share/demo_cpp_pkg/package.dsv
[0.151s] -- Up-to-date: /home/zkx/RM/chapt2/install/demo_cpp_pkg/share/ament_index/resource_index/packages/demo_cpp_pkg
[0.151s] -- Up-to-date: /home/zkx/RM/chapt2/install/demo_cpp_pkg/share/demo_cpp_pkg/cmake/demo_cpp_pkgConfig.cmake
[0.151s] -- Up-to-date: /home/zkx/RM/chapt2/install/demo_cpp_pkg/share/demo_cpp_pkg/cmake/demo_cpp_pkgConfig-version.cmake
[0.151s] -- Up-to-date: /home/zkx/RM/chapt2/install/demo_cpp_pkg/share/demo_cpp_pkg/package.xml
[0.152s] Invoked command in '/home/zkx/RM/chapt2/build/demo_cpp_pkg' returned '0': CMAKE_PREFIX_PATH=${CMAKE_PREFIX_PATH}:/home/zkx/RM/chapt2/install/demo_python_pkg:/opt/ros/humble /usr/bin/cmake --install /home/zkx/RM/chapt2/build/demo_cpp_pkg
