[0.009s] Invoking command in '/home/zkx/RM/chapt2/build/demo_cpp_pkg': CMAKE_PREFIX_PATH=/opt/ros/humble /usr/bin/cmake /home/zkx/RM/chapt2/demo_cpp_pkg -DCMAKE_INSTALL_PREFIX=/home/zkx/RM/chapt2/install/demo_cpp_pkg
[0.075s] -- The C compiler identification is GNU 11.4.0
[0.134s] -- The CXX compiler identification is GNU 11.4.0
[0.141s] -- Detecting C compiler ABI info
[0.196s] -- Detecting C compiler ABI info - done
[0.200s] -- Check for working C compiler: /usr/bin/cc - skipped
[0.201s] -- Detecting C compile features
[0.201s] -- Detecting C compile features - done
[0.203s] -- Detecting CXX compiler ABI info
[0.263s] -- Detecting CXX compiler ABI info - done
[0.267s] -- Check for working CXX compiler: /usr/bin/c++ - skipped
[0.268s] -- Detecting CXX compile features
[0.268s] -- Detecting CXX compile features - done
[0.272s] -- Found ament_cmake: 1.3.11 (/opt/ros/humble/share/ament_cmake/cmake)
[0.369s] -- Found Python3: /usr/bin/python3 (found version "3.10.12") found components: Interpreter 
[0.436s] -- Found ament_lint_auto: 0.12.11 (/opt/ros/humble/share/ament_lint_auto/cmake)
[0.491s] -- Added test 'cppcheck' to perform static code analysis on C / C++ code
[0.491s] -- Configured cppcheck include dirs: 
[0.491s] -- Configured cppcheck exclude dirs and/or files: 
[0.491s] -- Added test 'lint_cmake' to check CMake code style
[0.492s] -- Added test 'uncrustify' to check C / C++ code style
[0.492s] -- Configured uncrustify additional arguments: 
[0.492s] -- Added test 'xmllint' to check XML markup files
[0.493s] -- Configuring done
[0.496s] -- Generating done
[0.497s] -- Build files have been written to: /home/zkx/RM/chapt2/build/demo_cpp_pkg
[0.506s] Invoked command in '/home/zkx/RM/chapt2/build/demo_cpp_pkg' returned '0': CMAKE_PREFIX_PATH=/opt/ros/humble /usr/bin/cmake /home/zkx/RM/chapt2/demo_cpp_pkg -DCMAKE_INSTALL_PREFIX=/home/zkx/RM/chapt2/install/demo_cpp_pkg
[0.506s] Invoking command in '/home/zkx/RM/chapt2/build/demo_cpp_pkg': CMAKE_PREFIX_PATH=/opt/ros/humble /usr/bin/cmake --build /home/zkx/RM/chapt2/build/demo_cpp_pkg -- -j16 -l16
[0.538s] Invoked command in '/home/zkx/RM/chapt2/build/demo_cpp_pkg' returned '0': CMAKE_PREFIX_PATH=/opt/ros/humble /usr/bin/cmake --build /home/zkx/RM/chapt2/build/demo_cpp_pkg -- -j16 -l16
[0.546s] Invoking command in '/home/zkx/RM/chapt2/build/demo_cpp_pkg': CMAKE_PREFIX_PATH=/opt/ros/humble /usr/bin/cmake --install /home/zkx/RM/chapt2/build/demo_cpp_pkg
[0.551s] -- Install configuration: ""
[0.551s] -- Installing: /home/zkx/RM/chapt2/install/demo_cpp_pkg/share/ament_index/resource_index/package_run_dependencies/demo_cpp_pkg
[0.552s] -- Installing: /home/zkx/RM/chapt2/install/demo_cpp_pkg/share/ament_index/resource_index/parent_prefix_path/demo_cpp_pkg
[0.552s] -- Installing: /home/zkx/RM/chapt2/install/demo_cpp_pkg/share/demo_cpp_pkg/environment/ament_prefix_path.sh
[0.552s] -- Installing: /home/zkx/RM/chapt2/install/demo_cpp_pkg/share/demo_cpp_pkg/environment/ament_prefix_path.dsv
[0.552s] -- Installing: /home/zkx/RM/chapt2/install/demo_cpp_pkg/share/demo_cpp_pkg/environment/path.sh
[0.552s] -- Installing: /home/zkx/RM/chapt2/install/demo_cpp_pkg/share/demo_cpp_pkg/environment/path.dsv
[0.552s] -- Installing: /home/zkx/RM/chapt2/install/demo_cpp_pkg/share/demo_cpp_pkg/local_setup.bash
[0.552s] -- Installing: /home/zkx/RM/chapt2/install/demo_cpp_pkg/share/demo_cpp_pkg/local_setup.sh
[0.552s] -- Installing: /home/zkx/RM/chapt2/install/demo_cpp_pkg/share/demo_cpp_pkg/local_setup.zsh
[0.552s] -- Installing: /home/zkx/RM/chapt2/install/demo_cpp_pkg/share/demo_cpp_pkg/local_setup.dsv
[0.552s] -- Installing: /home/zkx/RM/chapt2/install/demo_cpp_pkg/share/demo_cpp_pkg/package.dsv
[0.552s] -- Installing: /home/zkx/RM/chapt2/install/demo_cpp_pkg/share/ament_index/resource_index/packages/demo_cpp_pkg
[0.553s] -- Installing: /home/zkx/RM/chapt2/install/demo_cpp_pkg/share/demo_cpp_pkg/cmake/demo_cpp_pkgConfig.cmake
[0.553s] -- Installing: /home/zkx/RM/chapt2/install/demo_cpp_pkg/share/demo_cpp_pkg/cmake/demo_cpp_pkgConfig-version.cmake
[0.553s] -- Installing: /home/zkx/RM/chapt2/install/demo_cpp_pkg/share/demo_cpp_pkg/package.xml
[0.555s] Invoked command in '/home/zkx/RM/chapt2/build/demo_cpp_pkg' returned '0': CMAKE_PREFIX_PATH=/opt/ros/humble /usr/bin/cmake --install /home/zkx/RM/chapt2/build/demo_cpp_pkg
