[0.321s] Invoking command in '/home/zkx/RM/chapt2/demo_python_pkg': PYTHONPATH=/home/zkx/RM/chapt2/build/demo_python_pkg/prefix_override:/usr/lib/python3/dist-packages/colcon_core/task/python/colcon_distutils_commands:/home/zkx/RM/chapt2/install/demo_python_pkg/lib/python3.10/site-packages:${PYTHONPATH} /usr/bin/python3 -W ignore:setup.py install is deprecated -W ignore:easy_install command is deprecated setup.py egg_info --egg-base ../build/demo_python_pkg build --build-base /home/zkx/RM/chapt2/build/demo_python_pkg/build install --record /home/zkx/RM/chapt2/build/demo_python_pkg/install.log --single-version-externally-managed install_data
[0.432s] running egg_info
[0.433s] creating ../build/demo_python_pkg/demo_python_pkg.egg-info
[0.433s] writing ../build/demo_python_pkg/demo_python_pkg.egg-info/PKG-INFO
[0.433s] writing dependency_links to ../build/demo_python_pkg/demo_python_pkg.egg-info/dependency_links.txt
[0.433s] writing entry points to ../build/demo_python_pkg/demo_python_pkg.egg-info/entry_points.txt
[0.433s] writing requirements to ../build/demo_python_pkg/demo_python_pkg.egg-info/requires.txt
[0.433s] writing top-level names to ../build/demo_python_pkg/demo_python_pkg.egg-info/top_level.txt
[0.433s] writing manifest file '../build/demo_python_pkg/demo_python_pkg.egg-info/SOURCES.txt'
[0.434s] reading manifest file '../build/demo_python_pkg/demo_python_pkg.egg-info/SOURCES.txt'
[0.434s] adding license file 'LICENSE'
[0.434s] writing manifest file '../build/demo_python_pkg/demo_python_pkg.egg-info/SOURCES.txt'
[0.434s] running build
[0.434s] running build_py
[0.434s] creating /home/zkx/RM/chapt2/build/demo_python_pkg/build
[0.435s] creating /home/zkx/RM/chapt2/build/demo_python_pkg/build/lib
[0.435s] creating /home/zkx/RM/chapt2/build/demo_python_pkg/build/lib/demo_python_pkg
[0.435s] copying demo_python_pkg/__init__.py -> /home/zkx/RM/chapt2/build/demo_python_pkg/build/lib/demo_python_pkg
[0.435s] copying demo_python_pkg/python_node.py -> /home/zkx/RM/chapt2/build/demo_python_pkg/build/lib/demo_python_pkg
[0.435s] running install
[0.435s] running install_lib
[0.435s] creating /home/zkx/RM/chapt2/install/demo_python_pkg/lib/python3.10/site-packages/demo_python_pkg
[0.435s] copying /home/zkx/RM/chapt2/build/demo_python_pkg/build/lib/demo_python_pkg/__init__.py -> /home/zkx/RM/chapt2/install/demo_python_pkg/lib/python3.10/site-packages/demo_python_pkg
[0.435s] copying /home/zkx/RM/chapt2/build/demo_python_pkg/build/lib/demo_python_pkg/python_node.py -> /home/zkx/RM/chapt2/install/demo_python_pkg/lib/python3.10/site-packages/demo_python_pkg
[0.436s] byte-compiling /home/zkx/RM/chapt2/install/demo_python_pkg/lib/python3.10/site-packages/demo_python_pkg/__init__.py to __init__.cpython-310.pyc
[0.436s] byte-compiling /home/zkx/RM/chapt2/install/demo_python_pkg/lib/python3.10/site-packages/demo_python_pkg/python_node.py to python_node.cpython-310.pyc
[0.436s] running install_data
[0.436s] creating /home/zkx/RM/chapt2/install/demo_python_pkg/share/ament_index
[0.436s] creating /home/zkx/RM/chapt2/install/demo_python_pkg/share/ament_index/resource_index
[0.436s] creating /home/zkx/RM/chapt2/install/demo_python_pkg/share/ament_index/resource_index/packages
[0.436s] copying resource/demo_python_pkg -> /home/zkx/RM/chapt2/install/demo_python_pkg/share/ament_index/resource_index/packages
[0.436s] copying package.xml -> /home/zkx/RM/chapt2/install/demo_python_pkg/share/demo_python_pkg
[0.436s] running install_egg_info
[0.437s] Copying ../build/demo_python_pkg/demo_python_pkg.egg-info to /home/zkx/RM/chapt2/install/demo_python_pkg/lib/python3.10/site-packages/demo_python_pkg-0.0.0-py3.10.egg-info
[0.438s] running install_scripts
[0.450s] Installing python_node script to /home/zkx/RM/chapt2/install/demo_python_pkg/lib/demo_python_pkg
[0.451s] writing list of installed files to '/home/zkx/RM/chapt2/build/demo_python_pkg/install.log'
[0.468s] Invoked command in '/home/zkx/RM/chapt2/demo_python_pkg' returned '0': PYTHONPATH=/home/zkx/RM/chapt2/build/demo_python_pkg/prefix_override:/usr/lib/python3/dist-packages/colcon_core/task/python/colcon_distutils_commands:/home/zkx/RM/chapt2/install/demo_python_pkg/lib/python3.10/site-packages:${PYTHONPATH} /usr/bin/python3 -W ignore:setup.py install is deprecated -W ignore:easy_install command is deprecated setup.py egg_info --egg-base ../build/demo_python_pkg build --build-base /home/zkx/RM/chapt2/build/demo_python_pkg/build install --record /home/zkx/RM/chapt2/build/demo_python_pkg/install.log --single-version-externally-managed install_data
