[0.010s] Invoking command in '/home/zkx/RM/chapt2/build/demo_cpp_pkg': CMAKE_PREFIX_PATH=${CMAKE_PREFIX_PATH}:/home/zkx/RM/chapt2/install/demo_python_pkg:/opt/ros/humble /usr/bin/cmake --build /home/zkx/RM/chapt2/build/demo_cpp_pkg -- -j16 -l16
[0.027s] -- Found ament_cmake: 1.3.11 (/opt/ros/humble/share/ament_cmake/cmake)
[0.100s] -- Found rclcpp: 16.0.11 (/opt/ros/humble/share/rclcpp/cmake)
[0.115s] -- Found rosidl_generator_c: 3.1.6 (/opt/ros/humble/share/rosidl_generator_c/cmake)
[0.116s] -- Found rosidl_adapter: 3.1.6 (/opt/ros/humble/share/rosidl_adapter/cmake)
[0.120s] -- Found rosidl_generator_cpp: 3.1.6 (/opt/ros/humble/share/rosidl_generator_cpp/cmake)
[0.125s] -- Using all available rosidl_typesupport_c: rosidl_typesupport_fastrtps_c;rosidl_typesupport_introspection_c
[0.131s] -- Using all available rosidl_typesupport_cpp: rosidl_typesupport_fastrtps_cpp;rosidl_typesupport_introspection_cpp
[0.148s] -- Found rmw_implementation_cmake: 6.1.2 (/opt/ros/humble/share/rmw_implementation_cmake/cmake)
[0.149s] -- Found rmw_fastrtps_cpp: 6.2.7 (/opt/ros/humble/share/rmw_fastrtps_cpp/cmake)
[0.215s] -- Using RMW implementation 'rmw_fastrtps_cpp' as default
[0.241s] -- Found ament_lint_auto: 0.12.11 (/opt/ros/humble/share/ament_lint_auto/cmake)
[0.281s] -- Added test 'cppcheck' to perform static code analysis on C / C++ code
[0.281s] -- Configured cppcheck include dirs: 
[0.281s] -- Configured cppcheck exclude dirs and/or files: 
[0.281s] -- Added test 'lint_cmake' to check CMake code style
[0.282s] -- Added test 'uncrustify' to check C / C++ code style
[0.282s] -- Configured uncrustify additional arguments: 
[0.282s] -- Added test 'xmllint' to check XML markup files
[0.282s] -- Configuring done
[0.289s] -- Generating done
[0.291s] -- Build files have been written to: /home/zkx/RM/chapt2/build/demo_cpp_pkg
[0.312s] [35m[1mConsolidate compiler generated dependencies of target cpp_node[0m
[0.326s] [ 50%] [32m[1mLinking CXX executable cpp_node[0m
[0.396s] [100%] Built target cpp_node
[0.405s] Invoked command in '/home/zkx/RM/chapt2/build/demo_cpp_pkg' returned '0': CMAKE_PREFIX_PATH=${CMAKE_PREFIX_PATH}:/home/zkx/RM/chapt2/install/demo_python_pkg:/opt/ros/humble /usr/bin/cmake --build /home/zkx/RM/chapt2/build/demo_cpp_pkg -- -j16 -l16
[0.413s] Invoking command in '/home/zkx/RM/chapt2/build/demo_cpp_pkg': CMAKE_PREFIX_PATH=${CMAKE_PREFIX_PATH}:/home/zkx/RM/chapt2/install/demo_python_pkg:/opt/ros/humble /usr/bin/cmake --install /home/zkx/RM/chapt2/build/demo_cpp_pkg
[0.418s] -- Install configuration: ""
[0.418s] -- Installing: /home/zkx/RM/chapt2/install/demo_cpp_pkg/lib/demo_cpp_pkg/cpp_node
[0.418s] -- Set runtime path of "/home/zkx/RM/chapt2/install/demo_cpp_pkg/lib/demo_cpp_pkg/cpp_node" to ""
[0.418s] -- Up-to-date: /home/zkx/RM/chapt2/install/demo_cpp_pkg/share/ament_index/resource_index/package_run_dependencies/demo_cpp_pkg
[0.418s] -- Installing: /home/zkx/RM/chapt2/install/demo_cpp_pkg/share/ament_index/resource_index/parent_prefix_path/demo_cpp_pkg
[0.418s] -- Up-to-date: /home/zkx/RM/chapt2/install/demo_cpp_pkg/share/demo_cpp_pkg/environment/ament_prefix_path.sh
[0.418s] -- Installing: /home/zkx/RM/chapt2/install/demo_cpp_pkg/share/demo_cpp_pkg/environment/ament_prefix_path.dsv
[0.418s] -- Up-to-date: /home/zkx/RM/chapt2/install/demo_cpp_pkg/share/demo_cpp_pkg/environment/path.sh
[0.418s] -- Installing: /home/zkx/RM/chapt2/install/demo_cpp_pkg/share/demo_cpp_pkg/environment/path.dsv
[0.418s] -- Up-to-date: /home/zkx/RM/chapt2/install/demo_cpp_pkg/share/demo_cpp_pkg/local_setup.bash
[0.419s] -- Up-to-date: /home/zkx/RM/chapt2/install/demo_cpp_pkg/share/demo_cpp_pkg/local_setup.sh
[0.419s] -- Up-to-date: /home/zkx/RM/chapt2/install/demo_cpp_pkg/share/demo_cpp_pkg/local_setup.zsh
[0.419s] -- Installing: /home/zkx/RM/chapt2/install/demo_cpp_pkg/share/demo_cpp_pkg/local_setup.dsv
[0.419s] -- Installing: /home/zkx/RM/chapt2/install/demo_cpp_pkg/share/demo_cpp_pkg/package.dsv
[0.419s] -- Up-to-date: /home/zkx/RM/chapt2/install/demo_cpp_pkg/share/ament_index/resource_index/packages/demo_cpp_pkg
[0.419s] -- Up-to-date: /home/zkx/RM/chapt2/install/demo_cpp_pkg/share/demo_cpp_pkg/cmake/demo_cpp_pkgConfig.cmake
[0.419s] -- Up-to-date: /home/zkx/RM/chapt2/install/demo_cpp_pkg/share/demo_cpp_pkg/cmake/demo_cpp_pkgConfig-version.cmake
[0.419s] -- Up-to-date: /home/zkx/RM/chapt2/install/demo_cpp_pkg/share/demo_cpp_pkg/package.xml
[0.421s] Invoked command in '/home/zkx/RM/chapt2/build/demo_cpp_pkg' returned '0': CMAKE_PREFIX_PATH=${CMAKE_PREFIX_PATH}:/home/zkx/RM/chapt2/install/demo_python_pkg:/opt/ros/humble /usr/bin/cmake --install /home/zkx/RM/chapt2/build/demo_cpp_pkg
