[0.008s] Invoking command in '/home/zkx/RM/chapt2/build/demo_cpp_pkg': CMAKE_PREFIX_PATH=/opt/ros/humble /usr/bin/cmake --build /home/zkx/RM/chapt2/build/demo_cpp_pkg -- -j16 -l16
[0.024s] -- Found ament_cmake: 1.3.11 (/opt/ros/humble/share/ament_cmake/cmake)
[0.096s] -- Found rclcpp: 16.0.11 (/opt/ros/humble/share/rclcpp/cmake)
[0.131s] -- Found rosidl_generator_c: 3.1.6 (/opt/ros/humble/share/rosidl_generator_c/cmake)
[0.134s] -- Found rosidl_adapter: 3.1.6 (/opt/ros/humble/share/rosidl_adapter/cmake)
[0.141s] -- Found rosidl_generator_cpp: 3.1.6 (/opt/ros/humble/share/rosidl_generator_cpp/cmake)
[0.150s] -- Using all available rosidl_typesupport_c: rosidl_typesupport_fastrtps_c;rosidl_typesupport_introspection_c
[0.162s] -- Using all available rosidl_typesupport_cpp: rosidl_typesupport_fastrtps_cpp;rosidl_typesupport_introspection_cpp
[0.191s] -- Found rmw_implementation_cmake: 6.1.2 (/opt/ros/humble/share/rmw_implementation_cmake/cmake)
[0.193s] -- Found rmw_fastrtps_cpp: 6.2.7 (/opt/ros/humble/share/rmw_fastrtps_cpp/cmake)
[0.267s] -- Found OpenSSL: /usr/lib/x86_64-linux-gnu/libcrypto.so (found version "3.0.2")  
[0.285s] -- Found FastRTPS: /opt/ros/humble/include  
[0.313s] -- Using RMW implementation 'rmw_fastrtps_cpp' as default
[0.320s] -- Looking for pthread.h
[0.377s] -- Looking for pthread.h - found
[0.377s] -- Performing Test CMAKE_HAVE_LIBC_PTHREAD
[0.433s] -- Performing Test CMAKE_HAVE_LIBC_PTHREAD - Success
[0.433s] -- Found Threads: TRUE  
[0.475s] -- Found ament_lint_auto: 0.12.11 (/opt/ros/humble/share/ament_lint_auto/cmake)
[0.514s] -- Added test 'cppcheck' to perform static code analysis on C / C++ code
[0.514s] -- Configured cppcheck include dirs: 
[0.514s] -- Configured cppcheck exclude dirs and/or files: 
[0.514s] -- Added test 'lint_cmake' to check CMake code style
[0.515s] -- Added test 'uncrustify' to check C / C++ code style
[0.515s] -- Configured uncrustify additional arguments: 
[0.515s] -- Added test 'xmllint' to check XML markup files
[0.515s] -- Configuring done
[0.520s] -- Generating done
[0.522s] -- Build files have been written to: /home/zkx/RM/chapt2/build/demo_cpp_pkg
[0.550s] [ 50%] [32mBuilding CXX object CMakeFiles/cpp_node.dir/src/cpp_node.cpp.o[0m
[2.271s] [100%] [32m[1mLinking CXX executable cpp_node[0m
[2.351s] [100%] Built target cpp_node
[2.360s] Invoked command in '/home/zkx/RM/chapt2/build/demo_cpp_pkg' returned '0': CMAKE_PREFIX_PATH=/opt/ros/humble /usr/bin/cmake --build /home/zkx/RM/chapt2/build/demo_cpp_pkg -- -j16 -l16
[2.367s] Invoking command in '/home/zkx/RM/chapt2/build/demo_cpp_pkg': CMAKE_PREFIX_PATH=/opt/ros/humble /usr/bin/cmake --install /home/zkx/RM/chapt2/build/demo_cpp_pkg
[2.372s] -- Install configuration: ""
[2.372s] -- Up-to-date: /home/zkx/RM/chapt2/install/demo_cpp_pkg/share/ament_index/resource_index/package_run_dependencies/demo_cpp_pkg
[2.372s] -- Up-to-date: /home/zkx/RM/chapt2/install/demo_cpp_pkg/share/ament_index/resource_index/parent_prefix_path/demo_cpp_pkg
[2.372s] -- Up-to-date: /home/zkx/RM/chapt2/install/demo_cpp_pkg/share/demo_cpp_pkg/environment/ament_prefix_path.sh
[2.372s] -- Installing: /home/zkx/RM/chapt2/install/demo_cpp_pkg/share/demo_cpp_pkg/environment/ament_prefix_path.dsv
[2.372s] -- Up-to-date: /home/zkx/RM/chapt2/install/demo_cpp_pkg/share/demo_cpp_pkg/environment/path.sh
[2.372s] -- Installing: /home/zkx/RM/chapt2/install/demo_cpp_pkg/share/demo_cpp_pkg/environment/path.dsv
[2.372s] -- Up-to-date: /home/zkx/RM/chapt2/install/demo_cpp_pkg/share/demo_cpp_pkg/local_setup.bash
[2.372s] -- Up-to-date: /home/zkx/RM/chapt2/install/demo_cpp_pkg/share/demo_cpp_pkg/local_setup.sh
[2.373s] -- Up-to-date: /home/zkx/RM/chapt2/install/demo_cpp_pkg/share/demo_cpp_pkg/local_setup.zsh
[2.373s] -- Installing: /home/zkx/RM/chapt2/install/demo_cpp_pkg/share/demo_cpp_pkg/local_setup.dsv
[2.373s] -- Installing: /home/zkx/RM/chapt2/install/demo_cpp_pkg/share/demo_cpp_pkg/package.dsv
[2.373s] -- Up-to-date: /home/zkx/RM/chapt2/install/demo_cpp_pkg/share/ament_index/resource_index/packages/demo_cpp_pkg
[2.373s] -- Up-to-date: /home/zkx/RM/chapt2/install/demo_cpp_pkg/share/demo_cpp_pkg/cmake/demo_cpp_pkgConfig.cmake
[2.373s] -- Up-to-date: /home/zkx/RM/chapt2/install/demo_cpp_pkg/share/demo_cpp_pkg/cmake/demo_cpp_pkgConfig-version.cmake
[2.373s] -- Up-to-date: /home/zkx/RM/chapt2/install/demo_cpp_pkg/share/demo_cpp_pkg/package.xml
[2.374s] Invoked command in '/home/zkx/RM/chapt2/build/demo_cpp_pkg' returned '0': CMAKE_PREFIX_PATH=/opt/ros/humble /usr/bin/cmake --install /home/zkx/RM/chapt2/build/demo_cpp_pkg
