[0.009s] Invoking command in '/home/zkx/RM/chapt2/build/demo_cpp_pkg': CMAKE_PREFIX_PATH=${CMAKE_PREFIX_PATH}:/home/zkx/RM/chapt2/install/demo_python_pkg:/opt/ros/humble /usr/bin/cmake --build /home/zkx/RM/chapt2/build/demo_cpp_pkg -- -j16 -l16
[0.026s] -- Found ament_cmake: 1.3.11 (/opt/ros/humble/share/ament_cmake/cmake)
[0.100s] -- Found rclcpp: 16.0.11 (/opt/ros/humble/share/rclcpp/cmake)
[0.116s] -- Found rosidl_generator_c: 3.1.6 (/opt/ros/humble/share/rosidl_generator_c/cmake)
[0.117s] -- Found rosidl_adapter: 3.1.6 (/opt/ros/humble/share/rosidl_adapter/cmake)
[0.120s] -- Found rosidl_generator_cpp: 3.1.6 (/opt/ros/humble/share/rosidl_generator_cpp/cmake)
[0.126s] -- Using all available rosidl_typesupport_c: rosidl_typesupport_fastrtps_c;rosidl_typesupport_introspection_c
[0.132s] -- Using all available rosidl_typesupport_cpp: rosidl_typesupport_fastrtps_cpp;rosidl_typesupport_introspection_cpp
[0.150s] -- Found rmw_implementation_cmake: 6.1.2 (/opt/ros/humble/share/rmw_implementation_cmake/cmake)
[0.150s] -- Found rmw_fastrtps_cpp: 6.2.7 (/opt/ros/humble/share/rmw_fastrtps_cpp/cmake)
[0.218s] -- Using RMW implementation 'rmw_fastrtps_cpp' as default
[0.245s] [31mCMake Error at CMakeLists.txt:21 (install):
[0.245s]   install TARGETS given target "lib/demo_cpp_pkg" which does not exist.
[0.245s] 
[0.245s] [0m
[0.245s] -- Found ament_lint_auto: 0.12.11 (/opt/ros/humble/share/ament_lint_auto/cmake)
[0.286s] -- Added test 'cppcheck' to perform static code analysis on C / C++ code
[0.286s] -- Configured cppcheck include dirs: 
[0.286s] -- Configured cppcheck exclude dirs and/or files: 
[0.286s] -- Added test 'lint_cmake' to check CMake code style
[0.286s] -- Added test 'uncrustify' to check C / C++ code style
[0.286s] -- Configured uncrustify additional arguments: 
[0.287s] -- Added test 'xmllint' to check XML markup files
[0.287s] -- Configuring incomplete, errors occurred!
[0.287s] See also "/home/zkx/RM/chapt2/build/demo_cpp_pkg/CMakeFiles/CMakeOutput.log".
[0.292s] gmake: *** [Makefile:267：cmake_check_build_system] 错误 1
[0.294s] Invoked command in '/home/zkx/RM/chapt2/build/demo_cpp_pkg' returned '2': CMAKE_PREFIX_PATH=${CMAKE_PREFIX_PATH}:/home/zkx/RM/chapt2/install/demo_python_pkg:/opt/ros/humble /usr/bin/cmake --build /home/zkx/RM/chapt2/build/demo_cpp_pkg -- -j16 -l16
