[0.301s] Invoking command in '/home/zkx/RM/chapt2/demo_python_pkg': PYTHONPATH=/home/zkx/RM/chapt2/build/demo_python_pkg/prefix_override:/usr/lib/python3/dist-packages/colcon_core/task/python/colcon_distutils_commands:/home/zkx/RM/chapt2/install/demo_python_pkg/lib/python3.10/site-packages:${PYTHONPATH} /usr/bin/python3 -W ignore:setup.py install is deprecated -W ignore:easy_install command is deprecated setup.py egg_info --egg-base ../build/demo_python_pkg build --build-base /home/zkx/RM/chapt2/build/demo_python_pkg/build install --record /home/zkx/RM/chapt2/build/demo_python_pkg/install.log --single-version-externally-managed install_data
[0.417s] running egg_info
[0.417s] writing ../build/demo_python_pkg/demo_python_pkg.egg-info/PKG-INFO
[0.418s] writing dependency_links to ../build/demo_python_pkg/demo_python_pkg.egg-info/dependency_links.txt
[0.418s] writing entry points to ../build/demo_python_pkg/demo_python_pkg.egg-info/entry_points.txt
[0.418s] writing requirements to ../build/demo_python_pkg/demo_python_pkg.egg-info/requires.txt
[0.418s] writing top-level names to ../build/demo_python_pkg/demo_python_pkg.egg-info/top_level.txt
[0.419s] reading manifest file '../build/demo_python_pkg/demo_python_pkg.egg-info/SOURCES.txt'
[0.419s] adding license file 'LICENSE'
[0.419s] writing manifest file '../build/demo_python_pkg/demo_python_pkg.egg-info/SOURCES.txt'
[0.419s] running build
[0.419s] running build_py
[0.419s] running install
[0.420s] running install_lib
[0.420s] running install_data
[0.420s] running install_egg_info
[0.422s] removing '/home/zkx/RM/chapt2/install/demo_python_pkg/lib/python3.10/site-packages/demo_python_pkg-0.0.0-py3.10.egg-info' (and everything under it)
[0.422s] Copying ../build/demo_python_pkg/demo_python_pkg.egg-info to /home/zkx/RM/chapt2/install/demo_python_pkg/lib/python3.10/site-packages/demo_python_pkg-0.0.0-py3.10.egg-info
[0.422s] running install_scripts
[0.434s] Installing python_node script to /home/zkx/RM/chapt2/install/demo_python_pkg/lib/demo_python_pkg
[0.434s] writing list of installed files to '/home/zkx/RM/chapt2/build/demo_python_pkg/install.log'
[0.451s] Invoked command in '/home/zkx/RM/chapt2/demo_python_pkg' returned '0': PYTHONPATH=/home/zkx/RM/chapt2/build/demo_python_pkg/prefix_override:/usr/lib/python3/dist-packages/colcon_core/task/python/colcon_distutils_commands:/home/zkx/RM/chapt2/install/demo_python_pkg/lib/python3.10/site-packages:${PYTHONPATH} /usr/bin/python3 -W ignore:setup.py install is deprecated -W ignore:easy_install command is deprecated setup.py egg_info --egg-base ../build/demo_python_pkg build --build-base /home/zkx/RM/chapt2/build/demo_python_pkg/build install --record /home/zkx/RM/chapt2/build/demo_python_pkg/install.log --single-version-externally-managed install_data
